[INFO] Scanning for projects...
[INFO] 
[INFO] ----------------------< com.mycompany:Messenger >-----------------------
[INFO] Building Messenger 1.0-SNAPSHOT
[INFO]   from pom.xml
[INFO] --------------------------------[ jar ]---------------------------------
[INFO] 
[INFO] --- exec:3.6.3:java (default-cli) @ Messenger ---
[DB] Все таблицы успешно созданы/проверены
[com.mycompany.messenger.Messenger.main()] INFO io.javalin.Javalin - Starting Javalin ...
[com.mycompany.messenger.Messenger.main()] INFO org.eclipse.jetty.server.Server - jetty-12.1.8; built: 2026-04-01T01:09:18.991Z; git: c9cdc9aaa434a3665b8a53b4d1cc3684992da649; jvm 17.0.12+8-LTS-286
[com.mycompany.messenger.Messenger.main()] ERROR io.javalin.Javalin - Failed to start Javalin
[com.mycompany.messenger.Messenger.main()] INFO org.eclipse.jetty.server.Server - Stopped oejs.Server@1f2fa572{STOPPING}[12.1.8,sto=0]
[WARNING] 
io.javalin.util.JavalinBindException: Port already in use. Make sure no other process is using port 7070 and try again.
    at io.javalin.jetty.JettyServer.start (JettyServer.kt:103)
    at io.javalin.Javalin.start (Javalin.java:115)
    at com.mycompany.messenger.Messenger.main (Messenger.java:160)
    at jdk.internal.reflect.NativeMethodAccessorImpl.invoke0 (Native Method)
    at jdk.internal.reflect.NativeMethodAccessorImpl.invoke (NativeMethodAccessorImpl.java:77)
    at jdk.internal.reflect.DelegatingMethodAccessorImpl.invoke (DelegatingMethodAccessorImpl.java:43)
    at java.lang.reflect.Method.invoke (Method.java:568)
    at org.codehaus.mojo.exec.AbstractExecJavaBase.executeMainMethod (AbstractExecJavaBase.java:402)
    at org.codehaus.mojo.exec.ExecJavaMojo.executeMainMethod (ExecJavaMojo.java:142)
    at org.codehaus.mojo.exec.AbstractExecJavaBase.doExecClassLoader (AbstractExecJavaBase.java:377)
    at org.codehaus.mojo.exec.AbstractExecJavaBase.lambda$execute$0 (AbstractExecJavaBase.java:287)
    at java.lang.Thread.run (Thread.java:842)
Caused by: java.io.IOException: Failed to bind to 0.0.0.0/0.0.0.0:7070
    at org.eclipse.jetty.server.ServerConnector.openAcceptChannel (ServerConnector.java:349)
    at org.eclipse.jetty.server.ServerConnector.open (ServerConnector.java:313)
    at org.eclipse.jetty.server.Server.lambda$doStart$0 (Server.java:617)
    at java.util.stream.ForEachOps$ForEachOp$OfRef.accept (ForEachOps.java:183)
    at java.util.stream.ReferencePipeline$3$1.accept (ReferencePipeline.java:197)
    at java.util.stream.ReferencePipeline$2$1.accept (ReferencePipeline.java:179)
    at java.util.Spliterators$ArraySpliterator.forEachRemaining (Spliterators.java:992)
    at java.util.stream.AbstractPipeline.copyInto (AbstractPipeline.java:509)
    at java.util.stream.AbstractPipeline.wrapAndCopyInto (AbstractPipeline.java:499)
    at java.util.stream.ForEachOps$ForEachOp.evaluateSequential (ForEachOps.java:150)
    at java.util.stream.ForEachOps$ForEachOp$OfRef.evaluateSequential (ForEachOps.java:173)
    at java.util.stream.AbstractPipeline.evaluate (AbstractPipeline.java:234)
    at java.util.stream.ReferencePipeline.forEach (ReferencePipeline.java:596)
    at org.eclipse.jetty.server.Server.doStart (Server.java:613)
    at org.eclipse.jetty.util.component.AbstractLifeCycle.start (AbstractLifeCycle.java:92)
    at io.javalin.jetty.JettyServer.start (JettyServer.kt:95)
    at io.javalin.Javalin.start (Javalin.java:115)
    at com.mycompany.messenger.Messenger.main (Messenger.java:160)
    at jdk.internal.reflect.NativeMethodAccessorImpl.invoke0 (Native Method)
    at jdk.internal.reflect.NativeMethodAccessorImpl.invoke (NativeMethodAccessorImpl.java:77)
    at jdk.internal.reflect.DelegatingMethodAccessorImpl.invoke (DelegatingMethodAccessorImpl.java:43)
    at java.lang.reflect.Method.invoke (Method.java:568)
    at org.codehaus.mojo.exec.AbstractExecJavaBase.executeMainMethod (AbstractExecJavaBase.java:402)
    at org.codehaus.mojo.exec.ExecJavaMojo.executeMainMethod (ExecJavaMojo.java:142)
    at org.codehaus.mojo.exec.AbstractExecJavaBase.doExecClassLoader (AbstractExecJavaBase.java:377)
    at org.codehaus.mojo.exec.AbstractExecJavaBase.lambda$execute$0 (AbstractExecJavaBase.java:287)
    at java.lang.Thread.run (Thread.java:842)
Caused by: java.net.BindException: Address already in use: bind
    at sun.nio.ch.Net.bind0 (Native Method)
    at sun.nio.ch.Net.bind (Net.java:555)
    at sun.nio.ch.ServerSocketChannelImpl.netBind (ServerSocketChannelImpl.java:337)
    at sun.nio.ch.ServerSocketChannelImpl.bind (ServerSocketChannelImpl.java:294)
    at org.eclipse.jetty.server.ServerConnector.openAcceptChannel (ServerConnector.java:344)
    at org.eclipse.jetty.server.ServerConnector.open (ServerConnector.java:313)
    at org.eclipse.jetty.server.Server.lambda$doStart$0 (Server.java:617)
    at java.util.stream.ForEachOps$ForEachOp$OfRef.accept (ForEachOps.java:183)
    at java.util.stream.ReferencePipeline$3$1.accept (ReferencePipeline.java:197)
    at java.util.stream.ReferencePipeline$2$1.accept (ReferencePipeline.java:179)
    at java.util.Spliterators$ArraySpliterator.forEachRemaining (Spliterators.java:992)
    at java.util.stream.AbstractPipeline.copyInto (AbstractPipeline.java:509)
    at java.util.stream.AbstractPipeline.wrapAndCopyInto (AbstractPipeline.java:499)
    at java.util.stream.ForEachOps$ForEachOp.evaluateSequential (ForEachOps.java:150)
    at java.util.stream.ForEachOps$ForEachOp$OfRef.evaluateSequential (ForEachOps.java:173)
    at java.util.stream.AbstractPipeline.evaluate (AbstractPipeline.java:234)
    at java.util.stream.ReferencePipeline.forEach (ReferencePipeline.java:596)
    at org.eclipse.jetty.server.Server.doStart (Server.java:613)
    at org.eclipse.jetty.util.component.AbstractLifeCycle.start (AbstractLifeCycle.java:92)
    at io.javalin.jetty.JettyServer.start (JettyServer.kt:95)
    at io.javalin.Javalin.start (Javalin.java:115)
    at com.mycompany.messenger.Messenger.main (Messenger.java:160)
    at jdk.internal.reflect.NativeMethodAccessorImpl.invoke0 (Native Method)
    at jdk.internal.reflect.NativeMethodAccessorImpl.invoke (NativeMethodAccessorImpl.java:77)
    at jdk.internal.reflect.DelegatingMethodAccessorImpl.invoke (DelegatingMethodAccessorImpl.java:43)
    at java.lang.reflect.Method.invoke (Method.java:568)
    at org.codehaus.mojo.exec.AbstractExecJavaBase.executeMainMethod (AbstractExecJavaBase.java:402)
    at org.codehaus.mojo.exec.ExecJavaMojo.executeMainMethod (ExecJavaMojo.java:142)
    at org.codehaus.mojo.exec.AbstractExecJavaBase.doExecClassLoader (AbstractExecJavaBase.java:377)
    at org.codehaus.mojo.exec.AbstractExecJavaBase.lambda$execute$0 (AbstractExecJavaBase.java:287)
    at java.lang.Thread.run (Thread.java:842)
[INFO] ------------------------------------------------------------------------
[INFO] BUILD FAILURE
[INFO] ------------------------------------------------------------------------
[INFO] Total time:  6.073 s
[INFO] Finished at: 2026-07-05T14:02:26+03:00
[INFO] ------------------------------------------------------------------------
[ERROR] Failed to execute goal org.codehaus.mojo:exec-maven-plugin:3.6.3:java (default-cli) on project Messenger: An exception occurred while executing the Java class. Port already in use. Make sure no other process is using port 7070 and try again.: Failed to bind to 0.0.0.0/0.0.0.0:7070: Address already in use: bind -> [Help 1]
[ERROR] 
[ERROR] To see the full stack trace of the errors, re-run Maven with the -e switch.
[ERROR] Re-run Maven using the -X switch to enable full debug logging.
[ERROR] 
[ERROR] For more information about the errors and possible solutions, please read the following articles:
[ERROR] [Help 1] http://cwiki.apache.org/confluence/display/MAVEN/MojoExecutionException

D:\JavaProjects\WebsocketMessenger\Messenger>